WARNING : 2025-12-05 11:41:50,738 No state file found. Generating from config.
WARNING : 2025-12-05 11:41:51,168 No folder associated to language 'qya'. Creating.
WARNING : 2025-12-05 11:41:51,766 No vocabulary spreadsheet associated to language 'qya'. Creating.
INFO : 2025-12-05 11:41:59,472 Checking vocabulary spreadsheet for updates for lang 'qya'.
WARNING : 2025-12-05 11:41:59,943 Language 'qya' has no packages ready to work on.
INFO : 2025-12-05 11:42:04,544 New packet 'qya_0' created for language 'qya' and assigned to translator 'and_lou@ua.es' and revisor 'feasinde@gmail.com'
INFO : 2025-12-05 11:42:09,119 New packet 'qya_1' created for language 'qya' and assigned to translator 'andres.lou@ua.es' and revisor 'feasinde@gmail.com'
INFO : 2025-12-05 11:42:09,119 Creating report spreadsheet for lang 'qya.'
INFO : 2025-12-05 11:42:12,034 Running update on language: qya
INFO : 2025-12-05 11:42:13,238 Updating report on language 'qya'.
INFO : 2025-12-05 11:42:14,398 Update on language 'qya' complete.
INFO : 2025-12-05 11:42:14,398 Saving state to file.
INFO : 2025-12-05 11:42:14,399 Update complete.
INFO : 2025-12-05 11:47:13,225 Checking vocabulary spreadsheet for updates for lang 'qya'.
INFO : 2025-12-05 11:47:14,052 Running update on language: qya
INFO : 2025-12-05 11:47:16,010 Updating report on language 'qya'.
INFO : 2025-12-05 11:47:17,514 Update on language 'qya' complete.
INFO : 2025-12-05 11:47:17,514 Saving state to file.
INFO : 2025-12-05 11:47:17,514 Update complete.
INFO : 2025-12-05 11:56:46,715 Checking vocabulary spreadsheet for updates for lang 'qya'.
INFO : 2025-12-05 11:56:47,505 Running update on language: qya
INFO : 2025-12-05 11:56:49,125 Updating report on language 'qya'.
INFO : 2025-12-05 11:56:50,609 Update on language 'qya' complete.
INFO : 2025-12-05 11:56:50,610 Saving state to file.
INFO : 2025-12-05 11:56:50,610 Update complete.
INFO : 2025-12-05 12:16:21,122 Checking vocabulary spreadsheet for updates for lang 'qya'.
INFO : 2025-12-05 12:16:21,529 Running update on language: qya
INFO : 2025-12-05 12:16:21,917 Packet 'qya_0': First translation complete by user 'and_lou@ua.es'. Submitting for revision.
INFO : 2025-12-05 12:16:29,288 Updating report on language 'qya'.
INFO : 2025-12-05 12:16:30,509 Update on language 'qya' complete.
INFO : 2025-12-05 12:16:30,509 Saving state to file.
INFO : 2025-12-05 12:16:30,509 Update complete.
WARNING : 2025-12-05 12:21:26,004 No state file found. Generating from config.
WARNING : 2025-12-05 12:21:26,526 No folder associated to language 'qya'. Creating.
WARNING : 2025-12-05 12:21:27,284 No vocabulary spreadsheet associated to language 'qya'. Creating.
INFO : 2025-12-05 12:21:38,630 Checking vocabulary spreadsheet for updates for lang 'qya'.
WARNING : 2025-12-05 12:21:39,326 Language 'qya' has no packages ready to work on.
INFO : 2025-12-05 12:21:45,660 New packet 'qya_0' created for language 'qya' and assigned to translator 'and_lou@ua.es' and revisor 'feasinde@gmail.com'
INFO : 2025-12-05 12:21:51,941 New packet 'qya_1' created for language 'qya' and assigned to translator 'andres.lou@ua.es' and revisor 'feasinde@gmail.com'
INFO : 2025-12-05 12:21:51,941 Creating report spreadsheet for lang 'qya.'
INFO : 2025-12-05 12:21:55,992 Running update on language: qya
INFO : 2025-12-05 12:21:57,347 Updating report on language 'qya'.
INFO : 2025-12-05 12:21:58,658 Update on language 'qya' complete.
INFO : 2025-12-05 12:21:58,658 Saving state to file.
INFO : 2025-12-05 12:21:58,659 Update complete.
